<?xml version="1.0" encoding="UTF-8"?>
<!-- Generated by org.testng.reporters.JUnitReportReporter -->
<testsuite skipped="0" hostname="DESKTOP-73PJK31" name="com.home.tests.LoginTest" tests="2" failures="0" timestamp="2020-04-12T20:55:50 IST" time="25.646" errors="0">
  <testcase name="verifyHomePage" time="9.126" classname="com.home.tests.LoginTest"/>
  <testcase name="verifyLogin" time="16.520" classname="com.home.tests.LoginTest"/>
</testsuite> <!-- com.home.tests.LoginTest -->
