<?xml version="1.0" encoding="UTF-8"?>
<!-- Generated by org.testng.reporters.JUnitReportReporter -->
<testsuite skipped="0" hostname="DESKTOP-73PJK31" name="com.home.RestGetAPITest" tests="1" failures="0" timestamp="2020-03-31T21:27:06 IST" time="2.533" errors="0">
  <testcase name="getRequest" time="2.533" classname="com.home.RestGetAPITest"/>
</testsuite> <!-- com.home.RestGetAPITest -->
