<?xml version="1.0" encoding="UTF-8"?>
<!-- Generated by org.testng.reporters.JUnitReportReporter -->
<testsuite skipped="0" hostname="DESKTOP-73PJK31" name="com.home.tests.LoginTest" tests="2" failures="0" timestamp="2020-04-17T22:23:22 IST" time="30.016" errors="0">
  <testcase name="verifyHomePage" time="11.437" classname="com.home.tests.LoginTest"/>
  <testcase name="verifyLogin" time="18.579" classname="com.home.tests.LoginTest"/>
</testsuite> <!-- com.home.tests.LoginTest -->
